2024-01-20 00:19:24,356 [INFO] Gpio:277 - dependency for GPIO [TIM2]
2024-01-20 00:19:29,013 [INFO] NvicIntPanel:101 - NVIC parent = com.st.microxplorer.plugins.ip.nvic.MultiNvicIntPanel[,0,0,0x0,invalid,layout=javax.swing.BoxLayout,alignmentX=0.0,alignmentY=0.0,border=,flags=9,maximumSize=,minimumSize=,preferredSize=]
2024-01-20 00:19:32,440 [INFO] UtilMem:75 - End SaveConfig() Used Memory: 825796000 Bytes (1073741824)
2024-01-20 00:19:34,336 [INFO] UtilMem:75 - End SaveConfig() Used Memory: 852010400 Bytes (1073741824)
2024-01-20 00:19:34,534 [INFO] BlockDiagram:2759 - set Specific Code input for plugin: NVIC
2024-01-20 00:19:34,534 [INFO] BlockDiagram:2759 - set Specific Code input for plugin: SYS
2024-01-20 00:19:34,534 [INFO] BlockDiagram:2759 - set Specific Code input for plugin: GPIO
2024-01-20 00:19:34,534 [INFO] BlockDiagram:2759 - set Specific Code input for plugin: RCC
2024-01-20 00:19:34,534 [INFO] BlockDiagram:2759 - set Specific Code input for plugin: TIM1_8F1
2024-01-20 00:19:34,535 [INFO] CodeGenerator:807 - code generatio: config db path: C:\ST\STM32CubeIDE_1.14.0\STM32CubeIDE\plugins\com.st.stm32cube.common.mx_6.10.0.202311202037\\db\
2024-01-20 00:19:34,708 [INFO] CodeEngine:255 - oldGeneratedFile, D:\Usuarios\martin\documents\STM_pruebas\motores\MXTmpFiles\license.tmp_save
2024-01-20 00:19:34,905 [INFO] CodeEngine:279 - Generated code: D:\Usuarios\martin\documents\STM_pruebas\motores\MXTmpFiles\license.tmp
2024-01-20 00:19:34,929 [INFO] CodeEngine:255 - oldGeneratedFile, D:\Usuarios\martin\documents\STM_pruebas\motores\MXTmpFiles\gpio.tmp_save
2024-01-20 00:19:35,121 [INFO] CodeEngine:279 - Generated code: D:\Usuarios\martin\documents\STM_pruebas\motores\MXTmpFiles\gpio.tmp
2024-01-20 00:19:35,218 [INFO] CodeEngine:255 - oldGeneratedFile, D:\Usuarios\martin\documents\STM_pruebas\motores\Core\Src\stm32f1xx_it.c_save
2024-01-20 00:19:35,488 [INFO] CodeEngine:279 - Generated code: D:\Usuarios\martin\documents\STM_pruebas\motores\Core\Src\stm32f1xx_it.c
2024-01-20 00:19:35,496 [INFO] CodeEngine:255 - oldGeneratedFile, D:\Usuarios\martin\documents\STM_pruebas\motores\Core\Inc\stm32f1xx_it.h_save
2024-01-20 00:19:35,583 [INFO] CodeEngine:279 - Generated code: D:\Usuarios\martin\documents\STM_pruebas\motores\Core\Inc\stm32f1xx_it.h
2024-01-20 00:19:35,604 [INFO] CodeEngine:255 - oldGeneratedFile, D:\Usuarios\martin\documents\STM_pruebas\motores\Core\Src\stm32f1xx_hal_msp.c_save
2024-01-20 00:19:35,848 [INFO] CodeEngine:279 - Generated code: D:\Usuarios\martin\documents\STM_pruebas\motores\Core\Src\stm32f1xx_hal_msp.c
2024-01-20 00:19:35,852 [INFO] CodeEngine:255 - oldGeneratedFile, D:\Usuarios\martin\documents\STM_pruebas\motores\MXTmpFiles\system.tmp_save
2024-01-20 00:19:35,937 [INFO] CodeEngine:279 - Generated code: D:\Usuarios\martin\documents\STM_pruebas\motores\MXTmpFiles\system.tmp
2024-01-20 00:19:35,954 [INFO] CodeEngine:311 - oldGeneratedFile, D:\Usuarios\martin\documents\STM_pruebas\motores\Core\Inc\stm32f1xx_hal_conf.h_save
2024-01-20 00:19:36,084 [INFO] CodeEngine:335 - Generated code: D:\Usuarios\martin\documents\STM_pruebas\motores\Core\Inc\stm32f1xx_hal_conf.h
2024-01-20 00:19:36,105 [WARN] IPConfigManager:3440 - IP not found : TIM
2024-01-20 00:19:36,106 [WARN] CodeGenerator:3939 - IP not found : null
2024-01-20 00:19:36,127 [INFO] CodeEngine:255 - oldGeneratedFile, D:\Usuarios\martin\documents\STM_pruebas\motores\Core\Inc\main.h_save
2024-01-20 00:19:36,253 [INFO] CodeEngine:279 - Generated code: D:\Usuarios\martin\documents\STM_pruebas\motores\Core\Inc\main.h
2024-01-20 00:19:36,269 [INFO] CodeEngine:255 - oldGeneratedFile, D:\Usuarios\martin\documents\STM_pruebas\motores\Core\Src\main.c_save
2024-01-20 00:19:36,418 [INFO] CodeEngine:279 - Generated code: D:\Usuarios\martin\documents\STM_pruebas\motores\Core\Src\main.c
2024-01-20 00:19:36,909 [INFO] ProjectBuilder:3076 - Time for Copy HAL[1] : 126mS.
2024-01-20 00:19:36,912 [INFO] ProjectBuilder:4485 - Project Generator version: 4.2.0-B44
2024-01-20 00:19:37,298 [INFO] ConfigFileManager:1495 - The Die is : DIE412
2024-01-20 00:19:39,088 [INFO] ProjectBuilder:4747 - Time for Generating toolchain IDE Files: 2175mS.
2024-01-20 00:19:39,088 [INFO] ProjectBuilder:2947 - Time for Copy CMSIS : 0mS.
2024-01-20 00:19:39,090 [INFO] ProjectBuilder:2947 - Time for Copy CMSIS : 0mS.
2024-01-20 01:05:11,467 [INFO] UtilMem:75 - End SaveConfig() Used Memory: 741941792 Bytes (1073741824)
2024-01-20 01:05:14,542 [INFO] UtilMem:75 - End SaveConfig() Used Memory: 771452480 Bytes (1073741824)
2024-01-20 01:05:14,712 [INFO] BlockDiagram:2759 - set Specific Code input for plugin: NVIC
2024-01-20 01:05:14,713 [INFO] BlockDiagram:2759 - set Specific Code input for plugin: SYS
2024-01-20 01:05:14,713 [INFO] BlockDiagram:2759 - set Specific Code input for plugin: GPIO
2024-01-20 01:05:14,713 [INFO] BlockDiagram:2759 - set Specific Code input for plugin: RCC
2024-01-20 01:05:14,713 [INFO] BlockDiagram:2759 - set Specific Code input for plugin: TIM1_8F1
2024-01-20 01:05:14,714 [INFO] CodeGenerator:807 - code generatio: config db path: C:\ST\STM32CubeIDE_1.14.0\STM32CubeIDE\plugins\com.st.stm32cube.common.mx_6.10.0.202311202037\\db\
2024-01-20 01:05:14,862 [INFO] CodeEngine:255 - oldGeneratedFile, D:\Usuarios\martin\documents\STM_pruebas\motores\MXTmpFiles\license.tmp_save
2024-01-20 01:05:14,981 [INFO] CodeEngine:279 - Generated code: D:\Usuarios\martin\documents\STM_pruebas\motores\MXTmpFiles\license.tmp
2024-01-20 01:05:14,996 [INFO] CodeEngine:255 - oldGeneratedFile, D:\Usuarios\martin\documents\STM_pruebas\motores\MXTmpFiles\gpio.tmp_save
2024-01-20 01:05:15,234 [INFO] CodeEngine:279 - Generated code: D:\Usuarios\martin\documents\STM_pruebas\motores\MXTmpFiles\gpio.tmp
2024-01-20 01:05:15,294 [INFO] CodeEngine:255 - oldGeneratedFile, D:\Usuarios\martin\documents\STM_pruebas\motores\Core\Src\stm32f1xx_it.c_save
2024-01-20 01:05:15,492 [INFO] CodeEngine:279 - Generated code: D:\Usuarios\martin\documents\STM_pruebas\motores\Core\Src\stm32f1xx_it.c
2024-01-20 01:05:15,498 [INFO] CodeEngine:255 - oldGeneratedFile, D:\Usuarios\martin\documents\STM_pruebas\motores\Core\Inc\stm32f1xx_it.h_save
2024-01-20 01:05:15,583 [INFO] CodeEngine:279 - Generated code: D:\Usuarios\martin\documents\STM_pruebas\motores\Core\Inc\stm32f1xx_it.h
2024-01-20 01:05:15,611 [INFO] CodeEngine:255 - oldGeneratedFile, D:\Usuarios\martin\documents\STM_pruebas\motores\Core\Src\stm32f1xx_hal_msp.c_save
2024-01-20 01:05:15,789 [INFO] CodeEngine:279 - Generated code: D:\Usuarios\martin\documents\STM_pruebas\motores\Core\Src\stm32f1xx_hal_msp.c
2024-01-20 01:05:15,794 [INFO] CodeEngine:255 - oldGeneratedFile, D:\Usuarios\martin\documents\STM_pruebas\motores\MXTmpFiles\system.tmp_save
2024-01-20 01:05:15,867 [INFO] CodeEngine:279 - Generated code: D:\Usuarios\martin\documents\STM_pruebas\motores\MXTmpFiles\system.tmp
2024-01-20 01:05:15,887 [INFO] CodeEngine:311 - oldGeneratedFile, D:\Usuarios\martin\documents\STM_pruebas\motores\Core\Inc\stm32f1xx_hal_conf.h_save
2024-01-20 01:05:16,014 [INFO] CodeEngine:335 - Generated code: D:\Usuarios\martin\documents\STM_pruebas\motores\Core\Inc\stm32f1xx_hal_conf.h
2024-01-20 01:05:16,039 [WARN] IPConfigManager:3440 - IP not found : TIM
2024-01-20 01:05:16,039 [WARN] CodeGenerator:3939 - IP not found : null
2024-01-20 01:05:16,059 [INFO] CodeEngine:255 - oldGeneratedFile, D:\Usuarios\martin\documents\STM_pruebas\motores\Core\Inc\main.h_save
2024-01-20 01:05:16,173 [INFO] CodeEngine:279 - Generated code: D:\Usuarios\martin\documents\STM_pruebas\motores\Core\Inc\main.h
2024-01-20 01:05:16,187 [INFO] CodeEngine:255 - oldGeneratedFile, D:\Usuarios\martin\documents\STM_pruebas\motores\Core\Src\main.c_save
2024-01-20 01:05:16,378 [INFO] CodeEngine:279 - Generated code: D:\Usuarios\martin\documents\STM_pruebas\motores\Core\Src\main.c
2024-01-20 01:05:16,915 [INFO] ProjectBuilder:3076 - Time for Copy HAL[1] : 128mS.
2024-01-20 01:05:16,918 [INFO] ProjectBuilder:4485 - Project Generator version: 4.2.0-B44
2024-01-20 01:05:17,219 [INFO] ConfigFileManager:1495 - The Die is : DIE412
2024-01-20 01:05:18,935 [INFO] ProjectBuilder:4747 - Time for Generating toolchain IDE Files: 2016mS.
2024-01-20 01:05:18,935 [INFO] ProjectBuilder:2947 - Time for Copy CMSIS : 0mS.
2024-01-20 01:05:18,937 [INFO] ProjectBuilder:2947 - Time for Copy CMSIS : 1mS.
2024-01-20 02:30:42,166 [INFO] Mcu:1675 - InternalPropertyChange: try BijectiveRequest:IN3
2024-01-20 02:30:42,321 [INFO] ParamManager:896 - [Generic UI] PropertyChangeEvent: TAB_STATUS_CHANGED , "dont care", "never mind"
2024-01-20 02:30:42,338 [INFO] ParamManager:896 - [Generic UI] PropertyChangeEvent: TAB_STATUS_CHANGED , "dont care", "never mind"
2024-01-20 02:30:42,345 [INFO] ADCParametersView:116 -                Rank 1 : false
2024-01-20 02:30:42,366 [INFO] ADCParametersView:116 -                Rank 1 : false
2024-01-20 02:30:42,366 [INFO] ADCParametersView:116 -                Rank 1 : false
2024-01-20 02:30:42,366 [INFO] ADCParametersView:116 -                Rank 1 : false
2024-01-20 02:30:42,366 [INFO] ADCParametersView:116 -                Rank 1 : false
2024-01-20 02:30:42,367 [INFO] ADCParametersView:116 -                Rank 1 : false
2024-01-20 02:30:42,367 [INFO] ADCParametersView:116 -                Rank 1 : false
2024-01-20 02:30:42,367 [INFO] ADCParametersView:116 -                Rank 1 : false
2024-01-20 02:30:42,367 [INFO] ADCParametersView:116 -                Rank 1 : false
2024-01-20 02:30:42,367 [INFO] ADCParametersView:116 -                Rank 1 : false
2024-01-20 02:30:42,367 [INFO] ADCParametersView:116 -                Rank 1 : false
2024-01-20 02:30:42,371 [INFO] ADCParametersView:116 -                Rank 1 : false
2024-01-20 02:30:42,438 [INFO] NvicIntPanel:101 - NVIC parent = com.st.microxplorer.plugins.ip.nvic.MultiNvicIntPanel[,0,0,0x0,invalid,layout=javax.swing.BoxLayout,alignmentX=0.0,alignmentY=0.0,border=,flags=9,maximumSize=,minimumSize=,preferredSize=]
2024-01-20 02:30:42,502 [INFO] NvicIntPanel:101 - NVIC parent = com.st.microxplorer.plugins.ip.nvic.MultiNvicIntPanel[,0,0,0x0,invalid,layout=javax.swing.BoxLayout,alignmentX=0.0,alignmentY=0.0,border=,flags=9,maximumSize=,minimumSize=,preferredSize=]
2024-01-20 02:30:42,533 [INFO] ADCParametersView:116 -                Rank 1 : false
2024-01-20 02:30:42,533 [INFO] ADCParametersView:116 -                Rank 1 : false
2024-01-20 02:30:42,533 [INFO] ADCParametersView:116 -                Rank 1 : false
2024-01-20 02:30:42,533 [INFO] ADCParametersView:116 -                Rank 1 : false
2024-01-20 02:30:42,533 [INFO] ADCParametersView:116 -                Rank 1 : false
2024-01-20 02:30:42,533 [INFO] ADCParametersView:116 -                Rank 1 : false
2024-01-20 02:30:42,534 [INFO] ADCParametersView:116 -                Rank 1 : false
2024-01-20 02:30:42,534 [INFO] ADCParametersView:116 -                Rank 1 : false
2024-01-20 02:30:42,534 [INFO] ADCParametersView:116 -                Rank 1 : false
2024-01-20 02:30:42,534 [INFO] ADCParametersView:116 -                Rank 1 : false
2024-01-20 02:30:42,539 [INFO] ADCParametersView:116 -                Rank 1 : false
2024-01-20 02:30:42,554 [INFO] ADCParametersView:116 -                Rank 1 : false
2024-01-20 02:30:42,554 [INFO] ADCParametersView:116 -                Rank 1 : false
2024-01-20 02:30:42,554 [INFO] ADCParametersView:116 -                Rank 1 : false
2024-01-20 02:30:42,554 [INFO] ADCParametersView:116 -                Rank 1 : false
2024-01-20 02:30:42,554 [INFO] ADCParametersView:116 -                Rank 1 : false
2024-01-20 02:30:42,554 [INFO] ADCParametersView:116 -                Rank 1 : false
2024-01-20 02:30:42,554 [INFO] ADCParametersView:116 -                Rank 1 : false
2024-01-20 02:30:42,554 [INFO] ADCParametersView:116 -                Rank 1 : false
2024-01-20 02:30:42,555 [INFO] ADCParametersView:116 -                Rank 1 : false
2024-01-20 02:30:42,555 [INFO] ADCParametersView:116 -                Rank 1 : false
2024-01-20 02:30:42,563 [INFO] ADCParametersView:116 -                Rank 1 : false
2024-01-20 02:31:02,923 [INFO] ADCParametersView:116 -                Rank 1 : false
2024-01-20 02:31:02,923 [INFO] ADCParametersView:116 -                Rank 1 : false
2024-01-20 02:31:02,923 [INFO] ADCParametersView:116 -                Rank 1 : false
2024-01-20 02:31:02,923 [INFO] ADCParametersView:116 -                Rank 1 : false
2024-01-20 02:31:02,923 [INFO] ADCParametersView:116 -                Rank 1 : false
2024-01-20 02:31:02,923 [INFO] ADCParametersView:116 -                Rank 1 : false
2024-01-20 02:31:02,923 [INFO] ADCParametersView:116 -                Rank 1 : false
2024-01-20 02:31:02,923 [INFO] ADCParametersView:116 -                Rank 1 : false
2024-01-20 02:31:02,923 [INFO] ADCParametersView:116 -                Rank 1 : false
2024-01-20 02:31:02,923 [INFO] ADCParametersView:116 -                Rank 1 : false
2024-01-20 02:31:02,928 [INFO] ADCParametersView:116 -                Rank 1 : false
2024-01-20 02:31:02,942 [INFO] ADCParametersView:116 -                Rank 1 : false
2024-01-20 02:31:02,943 [INFO] ADCParametersView:116 -                Rank 1 : false
2024-01-20 02:31:02,943 [INFO] ADCParametersView:116 -                Rank 1 : false
2024-01-20 02:31:02,943 [INFO] ADCParametersView:116 -                Rank 1 : false
2024-01-20 02:31:02,943 [INFO] ADCParametersView:116 -                Rank 1 : false
2024-01-20 02:31:02,943 [INFO] ADCParametersView:116 -                Rank 1 : false
2024-01-20 02:31:02,943 [INFO] ADCParametersView:116 -                Rank 1 : false
2024-01-20 02:31:02,943 [INFO] ADCParametersView:116 -                Rank 1 : false
2024-01-20 02:31:02,943 [INFO] ADCParametersView:116 -                Rank 1 : false
2024-01-20 02:31:02,943 [INFO] ADCParametersView:116 -                Rank 1 : false
2024-01-20 02:31:02,949 [INFO] ADCParametersView:116 -                Rank 1 : false
2024-01-20 02:31:02,982 [INFO] ADCParametersView:116 -                Rank 1 : false
2024-01-20 02:31:02,982 [INFO] ADCParametersView:116 -                Rank 1 : false
2024-01-20 02:31:02,982 [INFO] ADCParametersView:116 -                Rank 1 : false
2024-01-20 02:31:02,982 [INFO] ADCParametersView:116 -                Rank 1 : false
2024-01-20 02:31:02,982 [INFO] ADCParametersView:116 -                Rank 1 : false
2024-01-20 02:31:02,983 [INFO] ADCParametersView:116 -                Rank 1 : false
2024-01-20 02:31:02,983 [INFO] ADCParametersView:116 -                Rank 1 : false
2024-01-20 02:31:02,983 [INFO] ADCParametersView:116 -                Rank 1 : false
2024-01-20 02:31:02,983 [INFO] ADCParametersView:116 -                Rank 1 : false
2024-01-20 02:31:02,983 [INFO] ADCParametersView:116 -                Rank 1 : false
2024-01-20 02:31:02,989 [INFO] ADCParametersView:116 -                Rank 1 : false
2024-01-20 02:31:03,007 [INFO] ADCParametersView:116 -                Rank 1 : false
2024-01-20 02:31:03,007 [INFO] ADCParametersView:116 -                Rank 1 : false
2024-01-20 02:31:03,007 [INFO] ADCParametersView:116 -                Rank 1 : false
2024-01-20 02:31:03,007 [INFO] ADCParametersView:116 -                Rank 1 : false
2024-01-20 02:31:03,007 [INFO] ADCParametersView:116 -                Rank 1 : false
2024-01-20 02:31:03,007 [INFO] ADCParametersView:116 -                Rank 1 : false
2024-01-20 02:31:03,007 [INFO] ADCParametersView:116 -                Rank 1 : false
2024-01-20 02:31:03,007 [INFO] ADCParametersView:116 -                Rank 1 : false
2024-01-20 02:31:03,007 [INFO] ADCParametersView:116 -                Rank 1 : false
2024-01-20 02:31:03,007 [INFO] ADCParametersView:116 -                Rank 1 : false
2024-01-20 02:31:03,013 [INFO] ADCParametersView:116 -                Rank 1 : false
2024-01-20 02:31:03,073 [INFO] ADCParametersView:116 -                Rank 1 : false
2024-01-20 02:31:03,073 [INFO] ADCParametersView:116 -                Rank 1 : false
2024-01-20 02:31:03,073 [INFO] ADCParametersView:116 -                Rank 1 : false
2024-01-20 02:31:03,073 [INFO] ADCParametersView:116 -                Rank 1 : false
2024-01-20 02:31:03,073 [INFO] ADCParametersView:116 -                Rank 1 : false
2024-01-20 02:31:03,073 [INFO] ADCParametersView:116 -                Rank 1 : false
2024-01-20 02:31:03,073 [INFO] ADCParametersView:116 -                Rank 1 : false
2024-01-20 02:31:03,073 [INFO] ADCParametersView:116 -                Rank 1 : false
2024-01-20 02:31:03,073 [INFO] ADCParametersView:116 -                Rank 1 : false
2024-01-20 02:31:03,073 [INFO] ADCParametersView:116 -                Rank 1 : false
2024-01-20 02:31:03,078 [INFO] ADCParametersView:116 -                Rank 1 : false
2024-01-20 02:31:03,093 [INFO] ADCParametersView:116 -                Rank 1 : false
2024-01-20 02:31:03,093 [INFO] ADCParametersView:116 -                Rank 1 : false
2024-01-20 02:31:03,093 [INFO] ADCParametersView:116 -                Rank 1 : false
2024-01-20 02:31:03,093 [INFO] ADCParametersView:116 -                Rank 1 : false
2024-01-20 02:31:03,093 [INFO] ADCParametersView:116 -                Rank 1 : false
2024-01-20 02:31:03,093 [INFO] ADCParametersView:116 -                Rank 1 : false
2024-01-20 02:31:03,093 [INFO] ADCParametersView:116 -                Rank 1 : false
2024-01-20 02:31:03,094 [INFO] ADCParametersView:116 -                Rank 1 : false
2024-01-20 02:31:03,094 [INFO] ADCParametersView:116 -                Rank 1 : false
2024-01-20 02:31:03,094 [INFO] ADCParametersView:116 -                Rank 1 : false
2024-01-20 02:31:03,098 [INFO] ADCParametersView:116 -                Rank 1 : false
2024-01-20 02:31:08,989 [INFO] ADCParametersView:116 -                Rank 1 : false
2024-01-20 02:31:08,989 [INFO] ADCParametersView:116 -                Rank 1 : false
2024-01-20 02:31:08,989 [INFO] ADCParametersView:116 -                Rank 1 : false
2024-01-20 02:31:08,989 [INFO] ADCParametersView:116 -                Rank 1 : false
2024-01-20 02:31:08,989 [INFO] ADCParametersView:116 -                Rank 1 : false
2024-01-20 02:31:08,989 [INFO] ADCParametersView:116 -                Rank 1 : false
2024-01-20 02:31:08,989 [INFO] ADCParametersView:116 -                Rank 1 : false
2024-01-20 02:31:08,989 [INFO] ADCParametersView:116 -                Rank 1 : false
2024-01-20 02:31:08,989 [INFO] ADCParametersView:116 -                Rank 1 : false
2024-01-20 02:31:08,989 [INFO] ADCParametersView:116 -                Rank 1 : false
2024-01-20 02:31:08,994 [INFO] ADCParametersView:116 -                Rank 1 : false
2024-01-20 02:31:09,007 [INFO] ADCParametersView:116 -                Rank 1 : false
2024-01-20 02:31:09,008 [INFO] ADCParametersView:116 -                Rank 1 : false
2024-01-20 02:31:09,008 [INFO] ADCParametersView:116 -                Rank 1 : false
2024-01-20 02:31:09,008 [INFO] ADCParametersView:116 -                Rank 1 : false
2024-01-20 02:31:09,008 [INFO] ADCParametersView:116 -                Rank 1 : false
2024-01-20 02:31:09,008 [INFO] ADCParametersView:116 -                Rank 1 : false
2024-01-20 02:31:09,008 [INFO] ADCParametersView:116 -                Rank 1 : false
2024-01-20 02:31:09,008 [INFO] ADCParametersView:116 -                Rank 1 : false
2024-01-20 02:31:09,008 [INFO] ADCParametersView:116 -                Rank 1 : false
2024-01-20 02:31:09,008 [INFO] ADCParametersView:116 -                Rank 1 : false
2024-01-20 02:31:09,012 [INFO] ADCParametersView:116 -                Rank 1 : false
2024-01-20 02:31:09,040 [INFO] ADCParametersView:116 -                Rank 1 : false
2024-01-20 02:31:09,041 [INFO] ADCParametersView:116 -                Rank 1 : false
2024-01-20 02:31:09,041 [INFO] ADCParametersView:116 -                Rank 1 : false
2024-01-20 02:31:09,041 [INFO] ADCParametersView:116 -                Rank 1 : false
2024-01-20 02:31:09,041 [INFO] ADCParametersView:116 -                Rank 1 : false
2024-01-20 02:31:09,041 [INFO] ADCParametersView:116 -                Rank 1 : false
2024-01-20 02:31:09,041 [INFO] ADCParametersView:116 -                Rank 1 : false
2024-01-20 02:31:09,041 [INFO] ADCParametersView:116 -                Rank 1 : false
2024-01-20 02:31:09,041 [INFO] ADCParametersView:116 -                Rank 1 : false
2024-01-20 02:31:09,041 [INFO] ADCParametersView:116 -                Rank 1 : false
2024-01-20 02:31:09,046 [INFO] ADCParametersView:116 -                Rank 1 : false
2024-01-20 02:31:09,060 [INFO] ADCParametersView:116 -                Rank 1 : false
2024-01-20 02:31:09,060 [INFO] ADCParametersView:116 -                Rank 1 : false
2024-01-20 02:31:09,060 [INFO] ADCParametersView:116 -                Rank 1 : false
2024-01-20 02:31:09,060 [INFO] ADCParametersView:116 -                Rank 1 : false
2024-01-20 02:31:09,060 [INFO] ADCParametersView:116 -                Rank 1 : false
2024-01-20 02:31:09,060 [INFO] ADCParametersView:116 -                Rank 1 : false
2024-01-20 02:31:09,060 [INFO] ADCParametersView:116 -                Rank 1 : false
2024-01-20 02:31:09,060 [INFO] ADCParametersView:116 -                Rank 1 : false
2024-01-20 02:31:09,060 [INFO] ADCParametersView:116 -                Rank 1 : false
2024-01-20 02:31:09,060 [INFO] ADCParametersView:116 -                Rank 1 : false
2024-01-20 02:31:09,065 [INFO] ADCParametersView:116 -                Rank 1 : false
2024-01-20 02:31:09,107 [INFO] ADCParametersView:116 -                Rank 1 : false
2024-01-20 02:31:09,107 [INFO] ADCParametersView:116 -                Rank 1 : false
2024-01-20 02:31:09,107 [INFO] ADCParametersView:116 -                Rank 1 : false
2024-01-20 02:31:09,107 [INFO] ADCParametersView:116 -                Rank 1 : false
2024-01-20 02:31:09,107 [INFO] ADCParametersView:116 -                Rank 1 : false
2024-01-20 02:31:09,108 [INFO] ADCParametersView:116 -                Rank 1 : false
2024-01-20 02:31:09,108 [INFO] ADCParametersView:116 -                Rank 1 : false
2024-01-20 02:31:09,108 [INFO] ADCParametersView:116 -                Rank 1 : false
2024-01-20 02:31:09,108 [INFO] ADCParametersView:116 -                Rank 1 : false
2024-01-20 02:31:09,108 [INFO] ADCParametersView:116 -                Rank 1 : false
2024-01-20 02:31:09,112 [INFO] ADCParametersView:116 -                Rank 1 : false
2024-01-20 02:31:09,125 [INFO] ADCParametersView:116 -                Rank 1 : false
2024-01-20 02:31:09,125 [INFO] ADCParametersView:116 -                Rank 1 : false
2024-01-20 02:31:09,125 [INFO] ADCParametersView:116 -                Rank 1 : false
2024-01-20 02:31:09,126 [INFO] ADCParametersView:116 -                Rank 1 : false
2024-01-20 02:31:09,126 [INFO] ADCParametersView:116 -                Rank 1 : false
2024-01-20 02:31:09,126 [INFO] ADCParametersView:116 -                Rank 1 : false
2024-01-20 02:31:09,126 [INFO] ADCParametersView:116 -                Rank 1 : false
2024-01-20 02:31:09,126 [INFO] ADCParametersView:116 -                Rank 1 : false
2024-01-20 02:31:09,126 [INFO] ADCParametersView:116 -                Rank 1 : false
2024-01-20 02:31:09,126 [INFO] ADCParametersView:116 -                Rank 1 : false
2024-01-20 02:31:09,130 [INFO] ADCParametersView:116 -                Rank 1 : false
2024-01-20 02:31:11,142 [INFO] ADCParametersView:116 -                Rank 1 : false
2024-01-20 02:31:11,142 [INFO] ADCParametersView:116 -                Rank 1 : false
2024-01-20 02:31:11,142 [INFO] ADCParametersView:116 -                Rank 1 : false
2024-01-20 02:31:11,142 [INFO] ADCParametersView:116 -                Rank 1 : false
2024-01-20 02:31:11,142 [INFO] ADCParametersView:116 -                Rank 1 : false
2024-01-20 02:31:11,142 [INFO] ADCParametersView:116 -                Rank 1 : false
2024-01-20 02:31:11,142 [INFO] ADCParametersView:116 -                Rank 1 : false
2024-01-20 02:31:11,142 [INFO] ADCParametersView:116 -                Rank 1 : false
2024-01-20 02:31:11,142 [INFO] ADCParametersView:116 -                Rank 1 : false
2024-01-20 02:31:11,142 [INFO] ADCParametersView:116 -                Rank 1 : false
2024-01-20 02:31:11,148 [INFO] ADCParametersView:116 -                Rank 1 : false
2024-01-20 02:31:11,165 [INFO] ADCParametersView:116 -                Rank 1 : false
2024-01-20 02:31:11,165 [INFO] ADCParametersView:116 -                Rank 1 : false
2024-01-20 02:31:11,165 [INFO] ADCParametersView:116 -                Rank 1 : false
2024-01-20 02:31:11,165 [INFO] ADCParametersView:116 -                Rank 1 : false
2024-01-20 02:31:11,165 [INFO] ADCParametersView:116 -                Rank 1 : false
2024-01-20 02:31:11,165 [INFO] ADCParametersView:116 -                Rank 1 : false
2024-01-20 02:31:11,165 [INFO] ADCParametersView:116 -                Rank 1 : false
2024-01-20 02:31:11,166 [INFO] ADCParametersView:116 -                Rank 1 : false
2024-01-20 02:31:11,166 [INFO] ADCParametersView:116 -                Rank 1 : false
2024-01-20 02:31:11,166 [INFO] ADCParametersView:116 -                Rank 1 : false
2024-01-20 02:31:11,171 [INFO] ADCParametersView:116 -                Rank 1 : false
2024-01-20 02:31:11,225 [INFO] ADCParametersView:116 -                Rank 1 : false
2024-01-20 02:31:11,226 [INFO] ADCParametersView:116 -                Rank 1 : false
2024-01-20 02:31:11,226 [INFO] ADCParametersView:116 -                Rank 1 : false
2024-01-20 02:31:11,226 [INFO] ADCParametersView:116 -                Rank 1 : false
2024-01-20 02:31:11,226 [INFO] ADCParametersView:116 -                Rank 1 : false
2024-01-20 02:31:11,226 [INFO] ADCParametersView:116 -                Rank 1 : false
2024-01-20 02:31:11,226 [INFO] ADCParametersView:116 -                Rank 1 : false
2024-01-20 02:31:11,226 [INFO] ADCParametersView:116 -                Rank 1 : false
2024-01-20 02:31:11,226 [INFO] ADCParametersView:116 -                Rank 1 : false
2024-01-20 02:31:11,226 [INFO] ADCParametersView:116 -                Rank 1 : false
2024-01-20 02:31:11,234 [INFO] ADCParametersView:116 -                Rank 1 : false
2024-01-20 02:31:11,250 [INFO] ADCParametersView:116 -                Rank 1 : false
2024-01-20 02:31:11,250 [INFO] ADCParametersView:116 -                Rank 1 : false
2024-01-20 02:31:11,250 [INFO] ADCParametersView:116 -                Rank 1 : false
2024-01-20 02:31:11,251 [INFO] ADCParametersView:116 -                Rank 1 : false
2024-01-20 02:31:11,251 [INFO] ADCParametersView:116 -                Rank 1 : false
2024-01-20 02:31:11,251 [INFO] ADCParametersView:116 -                Rank 1 : false
2024-01-20 02:31:11,251 [INFO] ADCParametersView:116 -                Rank 1 : false
2024-01-20 02:31:11,251 [INFO] ADCParametersView:116 -                Rank 1 : false
2024-01-20 02:31:11,251 [INFO] ADCParametersView:116 -                Rank 1 : false
2024-01-20 02:31:11,251 [INFO] ADCParametersView:116 -                Rank 1 : false
2024-01-20 02:31:11,259 [INFO] ADCParametersView:116 -                Rank 1 : false
2024-01-20 02:31:11,319 [INFO] ADCParametersView:116 -                Rank 1 : false
2024-01-20 02:31:11,319 [INFO] ADCParametersView:116 -                Rank 1 : false
2024-01-20 02:31:11,319 [INFO] ADCParametersView:116 -                Rank 1 : false
2024-01-20 02:31:11,320 [INFO] ADCParametersView:116 -                Rank 1 : false
2024-01-20 02:31:11,320 [INFO] ADCParametersView:116 -                Rank 1 : false
2024-01-20 02:31:11,320 [INFO] ADCParametersView:116 -                Rank 1 : false
2024-01-20 02:31:11,320 [INFO] ADCParametersView:116 -                Rank 1 : false
2024-01-20 02:31:11,320 [INFO] ADCParametersView:116 -                Rank 1 : false
2024-01-20 02:31:11,320 [INFO] ADCParametersView:116 -                Rank 1 : false
2024-01-20 02:31:11,320 [INFO] ADCParametersView:116 -                Rank 1 : false
2024-01-20 02:31:11,325 [INFO] ADCParametersView:116 -                Rank 1 : false
2024-01-20 02:31:11,350 [INFO] ADCParametersView:116 -                Rank 1 : false
2024-01-20 02:31:11,350 [INFO] ADCParametersView:116 -                Rank 1 : false
2024-01-20 02:31:11,350 [INFO] ADCParametersView:116 -                Rank 1 : false
2024-01-20 02:31:11,350 [INFO] ADCParametersView:116 -                Rank 1 : false
2024-01-20 02:31:11,350 [INFO] ADCParametersView:116 -                Rank 1 : false
2024-01-20 02:31:11,351 [INFO] ADCParametersView:116 -                Rank 1 : false
2024-01-20 02:31:11,352 [INFO] ADCParametersView:116 -                Rank 1 : false
2024-01-20 02:31:11,352 [INFO] ADCParametersView:116 -                Rank 1 : false
2024-01-20 02:31:11,352 [INFO] ADCParametersView:116 -                Rank 1 : false
2024-01-20 02:31:11,352 [INFO] ADCParametersView:116 -                Rank 1 : false
2024-01-20 02:31:11,357 [INFO] ADCParametersView:116 -                Rank 1 : false
2024-01-20 02:31:14,184 [INFO] ADCParametersView:116 -                Rank 1 : false
2024-01-20 02:31:14,184 [INFO] ADCParametersView:116 -                Rank 1 : false
2024-01-20 02:31:14,184 [INFO] ADCParametersView:116 -                Rank 1 : false
2024-01-20 02:31:14,184 [INFO] ADCParametersView:116 -                Rank 1 : false
2024-01-20 02:31:14,184 [INFO] ADCParametersView:116 -                Rank 1 : false
2024-01-20 02:31:14,184 [INFO] ADCParametersView:116 -                Rank 1 : false
2024-01-20 02:31:14,184 [INFO] ADCParametersView:116 -                Rank 1 : false
2024-01-20 02:31:14,184 [INFO] ADCParametersView:116 -                Rank 1 : false
2024-01-20 02:31:14,184 [INFO] ADCParametersView:116 -                Rank 1 : false
2024-01-20 02:31:14,184 [INFO] ADCParametersView:116 -                Rank 1 : false
2024-01-20 02:31:14,189 [INFO] ADCParametersView:116 -                Rank 1 : false
2024-01-20 02:31:14,202 [INFO] ADCParametersView:116 -                Rank 1 : false
2024-01-20 02:31:14,203 [INFO] ADCParametersView:116 -                Rank 1 : false
2024-01-20 02:31:14,203 [INFO] ADCParametersView:116 -                Rank 1 : false
2024-01-20 02:31:14,203 [INFO] ADCParametersView:116 -                Rank 1 : false
2024-01-20 02:31:14,203 [INFO] ADCParametersView:116 -                Rank 1 : false
2024-01-20 02:31:14,203 [INFO] ADCParametersView:116 -                Rank 1 : false
2024-01-20 02:31:14,203 [INFO] ADCParametersView:116 -                Rank 1 : false
2024-01-20 02:31:14,203 [INFO] ADCParametersView:116 -                Rank 1 : false
2024-01-20 02:31:14,203 [INFO] ADCParametersView:116 -                Rank 1 : false
2024-01-20 02:31:14,203 [INFO] ADCParametersView:116 -                Rank 1 : false
2024-01-20 02:31:14,208 [INFO] ADCParametersView:116 -                Rank 1 : false
2024-01-20 02:31:14,242 [INFO] ADCParametersView:116 -                Rank 1 : false
2024-01-20 02:31:14,242 [INFO] ADCParametersView:116 -                Rank 1 : false
2024-01-20 02:31:14,242 [INFO] ADCParametersView:116 -                Rank 1 : false
2024-01-20 02:31:14,242 [INFO] ADCParametersView:116 -                Rank 1 : false
2024-01-20 02:31:14,242 [INFO] ADCParametersView:116 -                Rank 1 : false
2024-01-20 02:31:14,242 [INFO] ADCParametersView:116 -                Rank 1 : false
2024-01-20 02:31:14,242 [INFO] ADCParametersView:116 -                Rank 1 : false
2024-01-20 02:31:14,243 [INFO] ADCParametersView:116 -                Rank 1 : false
2024-01-20 02:31:14,243 [INFO] ADCParametersView:116 -                Rank 1 : false
2024-01-20 02:31:14,243 [INFO] ADCParametersView:116 -                Rank 1 : false
2024-01-20 02:31:14,249 [INFO] ADCParametersView:116 -                Rank 1 : false
2024-01-20 02:31:14,266 [INFO] ADCParametersView:116 -                Rank 1 : false
2024-01-20 02:31:14,266 [INFO] ADCParametersView:116 -                Rank 1 : false
2024-01-20 02:31:14,266 [INFO] ADCParametersView:116 -                Rank 1 : false
2024-01-20 02:31:14,266 [INFO] ADCParametersView:116 -                Rank 1 : false
2024-01-20 02:31:14,266 [INFO] ADCParametersView:116 -                Rank 1 : false
2024-01-20 02:31:14,267 [INFO] ADCParametersView:116 -                Rank 1 : false
2024-01-20 02:31:14,267 [INFO] ADCParametersView:116 -                Rank 1 : false
2024-01-20 02:31:14,267 [INFO] ADCParametersView:116 -                Rank 1 : false
2024-01-20 02:31:14,267 [INFO] ADCParametersView:116 -                Rank 1 : false
2024-01-20 02:31:14,267 [INFO] ADCParametersView:116 -                Rank 1 : false
2024-01-20 02:31:14,272 [INFO] ADCParametersView:116 -                Rank 1 : false
2024-01-20 02:31:14,319 [INFO] ADCParametersView:116 -                Rank 1 : false
2024-01-20 02:31:14,319 [INFO] ADCParametersView:116 -                Rank 1 : false
2024-01-20 02:31:14,319 [INFO] ADCParametersView:116 -                Rank 1 : false
2024-01-20 02:31:14,319 [INFO] ADCParametersView:116 -                Rank 1 : false
2024-01-20 02:31:14,319 [INFO] ADCParametersView:116 -                Rank 1 : false
2024-01-20 02:31:14,319 [INFO] ADCParametersView:116 -                Rank 1 : false
2024-01-20 02:31:14,319 [INFO] ADCParametersView:116 -                Rank 1 : false
2024-01-20 02:31:14,319 [INFO] ADCParametersView:116 -                Rank 1 : false
2024-01-20 02:31:14,319 [INFO] ADCParametersView:116 -                Rank 1 : false
2024-01-20 02:31:14,319 [INFO] ADCParametersView:116 -                Rank 1 : false
2024-01-20 02:31:14,324 [INFO] ADCParametersView:116 -                Rank 1 : false
2024-01-20 02:31:14,338 [INFO] ADCParametersView:116 -                Rank 1 : false
2024-01-20 02:31:14,338 [INFO] ADCParametersView:116 -                Rank 1 : false
2024-01-20 02:31:14,338 [INFO] ADCParametersView:116 -                Rank 1 : false
2024-01-20 02:31:14,338 [INFO] ADCParametersView:116 -                Rank 1 : false
2024-01-20 02:31:14,338 [INFO] ADCParametersView:116 -                Rank 1 : false
2024-01-20 02:31:14,338 [INFO] ADCParametersView:116 -                Rank 1 : false
2024-01-20 02:31:14,338 [INFO] ADCParametersView:116 -                Rank 1 : false
2024-01-20 02:31:14,338 [INFO] ADCParametersView:116 -                Rank 1 : false
2024-01-20 02:31:14,338 [INFO] ADCParametersView:116 -                Rank 1 : false
2024-01-20 02:31:14,338 [INFO] ADCParametersView:116 -                Rank 1 : false
2024-01-20 02:31:14,342 [INFO] ADCParametersView:116 -                Rank 1 : false
2024-01-20 02:31:14,947 [INFO] ADCParametersView:116 -                Rank 1 : false
2024-01-20 02:31:14,947 [INFO] ADCParametersView:116 -                Rank 1 : false
2024-01-20 02:31:14,947 [INFO] ADCParametersView:116 -                Rank 1 : false
2024-01-20 02:31:14,948 [INFO] ADCParametersView:116 -                Rank 1 : false
2024-01-20 02:31:14,948 [INFO] ADCParametersView:116 -                Rank 1 : false
2024-01-20 02:31:14,948 [INFO] ADCParametersView:116 -                Rank 1 : false
2024-01-20 02:31:14,948 [INFO] ADCParametersView:116 -                Rank 1 : false
2024-01-20 02:31:14,948 [INFO] ADCParametersView:116 -                Rank 1 : false
2024-01-20 02:31:14,948 [INFO] ADCParametersView:116 -                Rank 1 : false
2024-01-20 02:31:14,948 [INFO] ADCParametersView:116 -                Rank 1 : false
2024-01-20 02:31:14,953 [INFO] ADCParametersView:116 -                Rank 1 : false
2024-01-20 02:31:14,967 [INFO] ADCParametersView:116 -                Rank 1 : false
2024-01-20 02:31:14,967 [INFO] ADCParametersView:116 -                Rank 1 : false
2024-01-20 02:31:14,967 [INFO] ADCParametersView:116 -                Rank 1 : false
2024-01-20 02:31:14,967 [INFO] ADCParametersView:116 -                Rank 1 : false
2024-01-20 02:31:14,967 [INFO] ADCParametersView:116 -                Rank 1 : false
2024-01-20 02:31:14,967 [INFO] ADCParametersView:116 -                Rank 1 : false
2024-01-20 02:31:14,967 [INFO] ADCParametersView:116 -                Rank 1 : false
2024-01-20 02:31:14,967 [INFO] ADCParametersView:116 -                Rank 1 : false
2024-01-20 02:31:14,968 [INFO] ADCParametersView:116 -                Rank 1 : false
2024-01-20 02:31:14,968 [INFO] ADCParametersView:116 -                Rank 1 : false
2024-01-20 02:31:14,972 [INFO] ADCParametersView:116 -                Rank 1 : false
2024-01-20 02:31:15,000 [INFO] ADCParametersView:116 -                Rank 1 : false
2024-01-20 02:31:15,000 [INFO] ADCParametersView:116 -                Rank 1 : false
2024-01-20 02:31:15,000 [INFO] ADCParametersView:116 -                Rank 1 : false
2024-01-20 02:31:15,000 [INFO] ADCParametersView:116 -                Rank 1 : false
2024-01-20 02:31:15,000 [INFO] ADCParametersView:116 -                Rank 1 : false
2024-01-20 02:31:15,000 [INFO] ADCParametersView:116 -                Rank 1 : false
2024-01-20 02:31:15,000 [INFO] ADCParametersView:116 -                Rank 1 : false
2024-01-20 02:31:15,000 [INFO] ADCParametersView:116 -                Rank 1 : false
2024-01-20 02:31:15,000 [INFO] ADCParametersView:116 -                Rank 1 : false
2024-01-20 02:31:15,000 [INFO] ADCParametersView:116 -                Rank 1 : false
2024-01-20 02:31:15,004 [INFO] ADCParametersView:116 -                Rank 1 : false
2024-01-20 02:31:15,016 [INFO] ADCParametersView:116 -                Rank 1 : false
2024-01-20 02:31:15,016 [INFO] ADCParametersView:116 -                Rank 1 : false
2024-01-20 02:31:15,016 [INFO] ADCParametersView:116 -                Rank 1 : false
2024-01-20 02:31:15,016 [INFO] ADCParametersView:116 -                Rank 1 : false
2024-01-20 02:31:15,016 [INFO] ADCParametersView:116 -                Rank 1 : false
2024-01-20 02:31:15,016 [INFO] ADCParametersView:116 -                Rank 1 : false
2024-01-20 02:31:15,016 [INFO] ADCParametersView:116 -                Rank 1 : false
2024-01-20 02:31:15,016 [INFO] ADCParametersView:116 -                Rank 1 : false
2024-01-20 02:31:15,017 [INFO] ADCParametersView:116 -                Rank 1 : false
2024-01-20 02:31:15,017 [INFO] ADCParametersView:116 -                Rank 1 : false
2024-01-20 02:31:15,021 [INFO] ADCParametersView:116 -                Rank 1 : false
2024-01-20 02:31:15,064 [INFO] ADCParametersView:116 -                Rank 1 : false
2024-01-20 02:31:15,064 [INFO] ADCParametersView:116 -                Rank 1 : false
2024-01-20 02:31:15,064 [INFO] ADCParametersView:116 -                Rank 1 : false
2024-01-20 02:31:15,064 [INFO] ADCParametersView:116 -                Rank 1 : false
2024-01-20 02:31:15,064 [INFO] ADCParametersView:116 -                Rank 1 : false
2024-01-20 02:31:15,064 [INFO] ADCParametersView:116 -                Rank 1 : false
2024-01-20 02:31:15,064 [INFO] ADCParametersView:116 -                Rank 1 : false
2024-01-20 02:31:15,064 [INFO] ADCParametersView:116 -                Rank 1 : false
2024-01-20 02:31:15,064 [INFO] ADCParametersView:116 -                Rank 1 : false
2024-01-20 02:31:15,064 [INFO] ADCParametersView:116 -                Rank 1 : false
2024-01-20 02:31:15,069 [INFO] ADCParametersView:116 -                Rank 1 : false
2024-01-20 02:31:15,083 [INFO] ADCParametersView:116 -                Rank 1 : false
2024-01-20 02:31:15,083 [INFO] ADCParametersView:116 -                Rank 1 : false
2024-01-20 02:31:15,083 [INFO] ADCParametersView:116 -                Rank 1 : false
2024-01-20 02:31:15,083 [INFO] ADCParametersView:116 -                Rank 1 : false
2024-01-20 02:31:15,083 [INFO] ADCParametersView:116 -                Rank 1 : false
2024-01-20 02:31:15,083 [INFO] ADCParametersView:116 -                Rank 1 : false
2024-01-20 02:31:15,083 [INFO] ADCParametersView:116 -                Rank 1 : false
2024-01-20 02:31:15,083 [INFO] ADCParametersView:116 -                Rank 1 : false
2024-01-20 02:31:15,083 [INFO] ADCParametersView:116 -                Rank 1 : false
2024-01-20 02:31:15,083 [INFO] ADCParametersView:116 -                Rank 1 : false
2024-01-20 02:31:15,088 [INFO] ADCParametersView:116 -                Rank 1 : false
2024-01-20 02:31:15,826 [INFO] ADCParametersView:116 -                Rank 1 : false
2024-01-20 02:31:15,826 [INFO] ADCParametersView:116 -                Rank 1 : false
2024-01-20 02:31:15,826 [INFO] ADCParametersView:116 -                Rank 1 : false
2024-01-20 02:31:15,826 [INFO] ADCParametersView:116 -                Rank 1 : false
2024-01-20 02:31:15,826 [INFO] ADCParametersView:116 -                Rank 1 : false
2024-01-20 02:31:15,826 [INFO] ADCParametersView:116 -                Rank 1 : false
2024-01-20 02:31:15,827 [INFO] ADCParametersView:116 -                Rank 1 : false
2024-01-20 02:31:15,827 [INFO] ADCParametersView:116 -                Rank 1 : false
2024-01-20 02:31:15,827 [INFO] ADCParametersView:116 -                Rank 1 : false
2024-01-20 02:31:15,827 [INFO] ADCParametersView:116 -                Rank 1 : false
2024-01-20 02:31:15,833 [INFO] ADCParametersView:116 -                Rank 1 : false
2024-01-20 02:31:15,847 [INFO] ADCParametersView:116 -                Rank 1 : false
2024-01-20 02:31:15,847 [INFO] ADCParametersView:116 -                Rank 1 : false
2024-01-20 02:31:15,847 [INFO] ADCParametersView:116 -                Rank 1 : false
2024-01-20 02:31:15,847 [INFO] ADCParametersView:116 -                Rank 1 : false
2024-01-20 02:31:15,847 [INFO] ADCParametersView:116 -                Rank 1 : false
2024-01-20 02:31:15,847 [INFO] ADCParametersView:116 -                Rank 1 : false
2024-01-20 02:31:15,847 [INFO] ADCParametersView:116 -                Rank 1 : false
2024-01-20 02:31:15,847 [INFO] ADCParametersView:116 -                Rank 1 : false
2024-01-20 02:31:15,847 [INFO] ADCParametersView:116 -                Rank 1 : false
2024-01-20 02:31:15,848 [INFO] ADCParametersView:116 -                Rank 1 : false
2024-01-20 02:31:15,852 [INFO] ADCParametersView:116 -                Rank 1 : false
2024-01-20 02:31:15,881 [INFO] ADCParametersView:116 -                Rank 1 : false
2024-01-20 02:31:15,882 [INFO] ADCParametersView:116 -                Rank 1 : false
2024-01-20 02:31:15,882 [INFO] ADCParametersView:116 -                Rank 1 : false
2024-01-20 02:31:15,882 [INFO] ADCParametersView:116 -                Rank 1 : false
2024-01-20 02:31:15,882 [INFO] ADCParametersView:116 -                Rank 1 : false
2024-01-20 02:31:15,882 [INFO] ADCParametersView:116 -                Rank 1 : false
2024-01-20 02:31:15,882 [INFO] ADCParametersView:116 -                Rank 1 : false
2024-01-20 02:31:15,882 [INFO] ADCParametersView:116 -                Rank 1 : false
2024-01-20 02:31:15,882 [INFO] ADCParametersView:116 -                Rank 1 : false
2024-01-20 02:31:15,882 [INFO] ADCParametersView:116 -                Rank 1 : false
2024-01-20 02:31:15,887 [INFO] ADCParametersView:116 -                Rank 1 : false
2024-01-20 02:31:15,899 [INFO] ADCParametersView:116 -                Rank 1 : false
2024-01-20 02:31:15,900 [INFO] ADCParametersView:116 -                Rank 1 : false
2024-01-20 02:31:15,900 [INFO] ADCParametersView:116 -                Rank 1 : false
2024-01-20 02:31:15,900 [INFO] ADCParametersView:116 -                Rank 1 : false
2024-01-20 02:31:15,900 [INFO] ADCParametersView:116 -                Rank 1 : false
2024-01-20 02:31:15,900 [INFO] ADCParametersView:116 -                Rank 1 : false
2024-01-20 02:31:15,900 [INFO] ADCParametersView:116 -                Rank 1 : false
2024-01-20 02:31:15,900 [INFO] ADCParametersView:116 -                Rank 1 : false
2024-01-20 02:31:15,900 [INFO] ADCParametersView:116 -                Rank 1 : false
2024-01-20 02:31:15,900 [INFO] ADCParametersView:116 -                Rank 1 : false
2024-01-20 02:31:15,904 [INFO] ADCParametersView:116 -                Rank 1 : false
2024-01-20 02:31:15,946 [INFO] ADCParametersView:116 -                Rank 1 : false
2024-01-20 02:31:15,946 [INFO] ADCParametersView:116 -                Rank 1 : false
2024-01-20 02:31:15,946 [INFO] ADCParametersView:116 -                Rank 1 : false
2024-01-20 02:31:15,946 [INFO] ADCParametersView:116 -                Rank 1 : false
2024-01-20 02:31:15,946 [INFO] ADCParametersView:116 -                Rank 1 : false
2024-01-20 02:31:15,946 [INFO] ADCParametersView:116 -                Rank 1 : false
2024-01-20 02:31:15,946 [INFO] ADCParametersView:116 -                Rank 1 : false
2024-01-20 02:31:15,946 [INFO] ADCParametersView:116 -                Rank 1 : false
2024-01-20 02:31:15,946 [INFO] ADCParametersView:116 -                Rank 1 : false
2024-01-20 02:31:15,946 [INFO] ADCParametersView:116 -                Rank 1 : false
2024-01-20 02:31:15,951 [INFO] ADCParametersView:116 -                Rank 1 : false
2024-01-20 02:31:15,963 [INFO] ADCParametersView:116 -                Rank 1 : false
2024-01-20 02:31:15,963 [INFO] ADCParametersView:116 -                Rank 1 : false
2024-01-20 02:31:15,963 [INFO] ADCParametersView:116 -                Rank 1 : false
2024-01-20 02:31:15,963 [INFO] ADCParametersView:116 -                Rank 1 : false
2024-01-20 02:31:15,963 [INFO] ADCParametersView:116 -                Rank 1 : false
2024-01-20 02:31:15,963 [INFO] ADCParametersView:116 -                Rank 1 : false
2024-01-20 02:31:15,963 [INFO] ADCParametersView:116 -                Rank 1 : false
2024-01-20 02:31:15,964 [INFO] ADCParametersView:116 -                Rank 1 : false
2024-01-20 02:31:15,964 [INFO] ADCParametersView:116 -                Rank 1 : false
2024-01-20 02:31:15,964 [INFO] ADCParametersView:116 -                Rank 1 : false
2024-01-20 02:31:15,968 [INFO] ADCParametersView:116 -                Rank 1 : false
2024-01-20 02:32:23,292 [INFO] ADCParametersView:116 -                Rank 1 : false
2024-01-20 02:32:23,296 [INFO] ADCParametersView:116 -                Rank 1 : false
2024-01-20 02:32:23,296 [INFO] ADCParametersView:116 -                Rank 1 : false
2024-01-20 02:32:23,296 [INFO] ADCParametersView:116 -                Rank 1 : false
2024-01-20 02:32:23,297 [INFO] ADCParametersView:116 -                Rank 1 : false
2024-01-20 02:32:23,297 [INFO] ADCParametersView:116 -                Rank 1 : false
2024-01-20 02:32:23,297 [INFO] ADCParametersView:116 -                Rank 1 : false
2024-01-20 02:32:23,297 [INFO] ADCParametersView:116 -                Rank 1 : false
2024-01-20 02:32:23,297 [INFO] ADCParametersView:116 -                Rank 1 : false
2024-01-20 02:32:23,297 [INFO] ADCParametersView:116 -                Rank 1 : false
2024-01-20 02:32:23,301 [INFO] ADCParametersView:116 -                Rank 1 : false
2024-01-20 02:32:23,316 [INFO] ADCParametersView:116 -                Rank 1 : false
2024-01-20 02:32:23,318 [INFO] ADCParametersView:116 -                Rank 1 : false
2024-01-20 02:32:23,318 [INFO] ADCParametersView:116 -                Rank 1 : false
2024-01-20 02:32:23,318 [INFO] ADCParametersView:116 -                Rank 1 : false
2024-01-20 02:32:23,318 [INFO] ADCParametersView:116 -                Rank 1 : false
2024-01-20 02:32:23,318 [INFO] ADCParametersView:116 -                Rank 1 : false
2024-01-20 02:32:23,318 [INFO] ADCParametersView:116 -                Rank 1 : false
2024-01-20 02:32:23,318 [INFO] ADCParametersView:116 -                Rank 1 : false
2024-01-20 02:32:23,318 [INFO] ADCParametersView:116 -                Rank 1 : false
2024-01-20 02:32:23,318 [INFO] ADCParametersView:116 -                Rank 1 : false
2024-01-20 02:32:23,323 [INFO] ADCParametersView:116 -                Rank 1 : false
2024-01-20 02:32:23,343 [INFO] ADCParametersView:116 -                Rank 1 : false
2024-01-20 02:32:23,344 [INFO] ADCParametersView:116 -                Rank 1 : false
2024-01-20 02:32:23,344 [INFO] ADCParametersView:116 -                Rank 1 : false
2024-01-20 02:32:23,344 [INFO] ADCParametersView:116 -                Rank 1 : false
2024-01-20 02:32:23,344 [INFO] ADCParametersView:116 -                Rank 1 : false
2024-01-20 02:32:23,344 [INFO] ADCParametersView:116 -                Rank 1 : false
2024-01-20 02:32:23,345 [INFO] ADCParametersView:116 -                Rank 1 : false
2024-01-20 02:32:23,345 [INFO] ADCParametersView:116 -                Rank 1 : false
2024-01-20 02:32:23,345 [INFO] ADCParametersView:116 -                Rank 1 : false
2024-01-20 02:32:23,345 [INFO] ADCParametersView:116 -                Rank 1 : false
2024-01-20 02:32:23,349 [INFO] ADCParametersView:116 -                Rank 1 : false
2024-01-20 02:33:29,016 [INFO] ADCParametersView:116 -                Rank 1 : false
2024-01-20 02:33:49,746 [INFO] ADCParametersView:116 -                Rank 1 : false
2024-01-20 02:33:49,746 [INFO] ADCParametersView:116 -                Rank 1 : false
2024-01-20 02:33:49,746 [INFO] ADCParametersView:116 -                Rank 1 : false
2024-01-20 02:33:49,746 [INFO] ADCParametersView:116 -                Rank 1 : false
2024-01-20 02:33:49,746 [INFO] ADCParametersView:116 -                Rank 1 : false
2024-01-20 02:33:49,746 [INFO] ADCParametersView:116 -                Rank 1 : false
2024-01-20 02:33:49,747 [INFO] ADCParametersView:116 -                Rank 1 : false
2024-01-20 02:33:49,747 [INFO] ADCParametersView:116 -                Rank 1 : false
2024-01-20 02:33:49,747 [INFO] ADCParametersView:116 -                Rank 1 : false
2024-01-20 02:33:49,747 [INFO] ADCParametersView:116 -                Rank 1 : false
2024-01-20 02:33:49,752 [INFO] ADCParametersView:116 -                Rank 1 : false
2024-01-20 02:33:54,160 [INFO] ADCParametersView:116 -                Rank 1 : false
2024-01-20 02:35:34,837 [INFO] SpinnerEditorADC:65 - is string kkkk
2024-01-20 02:35:37,162 [INFO] NvicIntPanel:101 - NVIC parent = com.st.microxplorer.plugins.ip.nvic.MultiNvicIntPanel[,0,0,0x0,invalid,layout=javax.swing.BoxLayout,alignmentX=0.0,alignmentY=0.0,border=,flags=9,maximumSize=,minimumSize=,preferredSize=]
2024-01-20 02:35:37,184 [INFO] ADCParametersView:116 -                Rank 1 : false
2024-01-20 02:35:37,186 [INFO] ADCParametersView:116 -                Rank 1 : false
2024-01-20 02:35:37,186 [INFO] ADCParametersView:116 -                Rank 1 : false
2024-01-20 02:35:37,186 [INFO] ADCParametersView:116 -                Rank 1 : false
2024-01-20 02:35:37,186 [INFO] ADCParametersView:116 -                Rank 1 : false
2024-01-20 02:35:37,186 [INFO] ADCParametersView:116 -                Rank 1 : false
2024-01-20 02:35:37,186 [INFO] ADCParametersView:116 -                Rank 1 : false
2024-01-20 02:35:37,186 [INFO] ADCParametersView:116 -                Rank 1 : false
2024-01-20 02:35:37,186 [INFO] ADCParametersView:116 -                Rank 1 : false
2024-01-20 02:35:37,186 [INFO] ADCParametersView:116 -                Rank 1 : false
2024-01-20 02:35:37,191 [INFO] ADCParametersView:116 -                Rank 1 : false
2024-01-20 02:35:39,783 [INFO] ADCParametersView:116 -                Rank 1 : true
2024-01-20 02:35:50,588 [INFO] NvicIntPanel:101 - NVIC parent = com.st.microxplorer.plugins.ip.nvic.MultiNvicIntPanel[,0,0,0x0,invalid,layout=javax.swing.BoxLayout,alignmentX=0.0,alignmentY=0.0,border=,flags=9,maximumSize=,minimumSize=,preferredSize=]
2024-01-20 02:35:50,614 [INFO] ADCParametersView:116 -                Rank 1 : true
2024-01-20 02:35:50,615 [INFO] ADCParametersView:116 -                Rank 1 : true
2024-01-20 02:35:50,616 [INFO] ADCParametersView:116 -                Rank 1 : true
2024-01-20 02:35:50,616 [INFO] ADCParametersView:116 -                Rank 1 : true
2024-01-20 02:35:50,616 [INFO] ADCParametersView:116 -                Rank 1 : true
2024-01-20 02:35:50,616 [INFO] ADCParametersView:116 -                Rank 1 : true
2024-01-20 02:35:50,616 [INFO] ADCParametersView:116 -                Rank 1 : true
2024-01-20 02:35:50,616 [INFO] ADCParametersView:116 -                Rank 1 : true
2024-01-20 02:35:50,616 [INFO] ADCParametersView:116 -                Rank 1 : true
2024-01-20 02:35:50,616 [INFO] ADCParametersView:116 -                Rank 1 : true
2024-01-20 02:35:50,621 [INFO] ADCParametersView:116 -                Rank 1 : true
2024-01-20 02:36:01,103 [INFO] ADCParametersView:116 -                Rank 1 : true
2024-01-20 02:36:05,799 [INFO] ADCParametersView:116 -                Rank 1 : true
2024-01-20 02:36:25,193 [INFO] UtilMem:75 - End SaveConfig() Used Memory: 690218200 Bytes (1073741824)
2024-01-20 02:36:29,054 [INFO] UtilMem:75 - End SaveConfig() Used Memory: 722585816 Bytes (1073741824)
2024-01-20 02:36:29,273 [INFO] BlockDiagram:2759 - set Specific Code input for plugin: NVIC
2024-01-20 02:36:29,273 [INFO] BlockDiagram:2759 - set Specific Code input for plugin: SYS
2024-01-20 02:36:29,273 [INFO] BlockDiagram:2759 - set Specific Code input for plugin: GPIO
2024-01-20 02:36:29,273 [INFO] BlockDiagram:2759 - set Specific Code input for plugin: ADC
2024-01-20 02:36:29,273 [INFO] BlockDiagram:2759 - set Specific Code input for plugin: RCC
2024-01-20 02:36:29,273 [INFO] BlockDiagram:2759 - set Specific Code input for plugin: TIM1_8F1
2024-01-20 02:36:29,275 [INFO] CodeGenerator:807 - code generatio: config db path: C:\ST\STM32CubeIDE_1.14.0\STM32CubeIDE\plugins\com.st.stm32cube.common.mx_6.10.0.202311202037\\db\
2024-01-20 02:36:29,449 [INFO] CodeEngine:255 - oldGeneratedFile, D:\Usuarios\martin\documents\STM_pruebas\motores\MXTmpFiles\license.tmp_save
2024-01-20 02:36:29,562 [INFO] CodeEngine:279 - Generated code: D:\Usuarios\martin\documents\STM_pruebas\motores\MXTmpFiles\license.tmp
2024-01-20 02:36:29,578 [INFO] CodeEngine:255 - oldGeneratedFile, D:\Usuarios\martin\documents\STM_pruebas\motores\MXTmpFiles\gpio.tmp_save
2024-01-20 02:36:29,705 [INFO] CodeEngine:279 - Generated code: D:\Usuarios\martin\documents\STM_pruebas\motores\MXTmpFiles\gpio.tmp
2024-01-20 02:36:29,791 [INFO] CodeEngine:255 - oldGeneratedFile, D:\Usuarios\martin\documents\STM_pruebas\motores\Core\Src\stm32f1xx_it.c_save
2024-01-20 02:36:29,985 [INFO] CodeEngine:279 - Generated code: D:\Usuarios\martin\documents\STM_pruebas\motores\Core\Src\stm32f1xx_it.c
2024-01-20 02:36:29,989 [INFO] CodeEngine:255 - oldGeneratedFile, D:\Usuarios\martin\documents\STM_pruebas\motores\Core\Inc\stm32f1xx_it.h_save
2024-01-20 02:36:30,081 [INFO] CodeEngine:279 - Generated code: D:\Usuarios\martin\documents\STM_pruebas\motores\Core\Inc\stm32f1xx_it.h
2024-01-20 02:36:30,100 [INFO] CodeEngine:255 - oldGeneratedFile, D:\Usuarios\martin\documents\STM_pruebas\motores\Core\Src\stm32f1xx_hal_msp.c_save
2024-01-20 02:36:30,319 [INFO] CodeEngine:279 - Generated code: D:\Usuarios\martin\documents\STM_pruebas\motores\Core\Src\stm32f1xx_hal_msp.c
2024-01-20 02:36:30,324 [INFO] CodeEngine:255 - oldGeneratedFile, D:\Usuarios\martin\documents\STM_pruebas\motores\MXTmpFiles\system.tmp_save
2024-01-20 02:36:30,395 [INFO] CodeEngine:279 - Generated code: D:\Usuarios\martin\documents\STM_pruebas\motores\MXTmpFiles\system.tmp
2024-01-20 02:36:30,416 [INFO] CodeEngine:311 - oldGeneratedFile, D:\Usuarios\martin\documents\STM_pruebas\motores\Core\Inc\stm32f1xx_hal_conf.h_save
2024-01-20 02:36:30,536 [INFO] CodeEngine:335 - Generated code: D:\Usuarios\martin\documents\STM_pruebas\motores\Core\Inc\stm32f1xx_hal_conf.h
2024-01-20 02:36:30,564 [WARN] IPConfigManager:3440 - IP not found : TIM
2024-01-20 02:36:30,565 [WARN] CodeGenerator:3939 - IP not found : null
2024-01-20 02:36:30,580 [INFO] CodeEngine:255 - oldGeneratedFile, D:\Usuarios\martin\documents\STM_pruebas\motores\Core\Inc\main.h_save
2024-01-20 02:36:30,676 [INFO] CodeEngine:279 - Generated code: D:\Usuarios\martin\documents\STM_pruebas\motores\Core\Inc\main.h
2024-01-20 02:36:30,688 [INFO] CodeEngine:255 - oldGeneratedFile, D:\Usuarios\martin\documents\STM_pruebas\motores\Core\Src\main.c_save
2024-01-20 02:36:30,827 [INFO] CodeEngine:279 - Generated code: D:\Usuarios\martin\documents\STM_pruebas\motores\Core\Src\main.c
2024-01-20 02:36:31,298 [INFO] ProjectBuilder:3076 - Time for Copy HAL[1] : 131mS.
2024-01-20 02:36:31,300 [INFO] ProjectBuilder:4485 - Project Generator version: 4.2.0-B44
2024-01-20 02:36:31,679 [INFO] ConfigFileManager:1495 - The Die is : DIE412
2024-01-20 02:36:33,512 [INFO] ProjectBuilder:4747 - Time for Generating toolchain IDE Files: 2212mS.
2024-01-20 02:36:33,513 [INFO] ProjectBuilder:2947 - Time for Copy CMSIS : 1mS.
2024-01-20 02:36:33,515 [INFO] ProjectBuilder:2947 - Time for Copy CMSIS : 1mS.
2024-01-20 03:02:15,350 [INFO] NvicIntPanel:101 - NVIC parent = com.st.microxplorer.plugins.ip.nvic.MultiNvicIntPanel[,0,0,0x0,invalid,layout=javax.swing.BoxLayout,alignmentX=0.0,alignmentY=0.0,border=,flags=9,maximumSize=,minimumSize=,preferredSize=]
2024-01-20 03:02:17,039 [INFO] NvicIntPanel:101 - NVIC parent = com.st.microxplorer.plugins.ip.nvic.MultiNvicIntPanel[,0,0,0x0,invalid,layout=javax.swing.BoxLayout,alignmentX=0.0,alignmentY=0.0,border=,flags=9,maximumSize=,minimumSize=,preferredSize=]
2024-01-20 03:02:29,471 [INFO] UtilMem:75 - End SaveConfig() Used Memory: 829004632 Bytes (1073741824)
2024-01-20 03:02:33,117 [INFO] UtilMem:75 - End SaveConfig() Used Memory: 664853376 Bytes (1073741824)
2024-01-20 03:02:33,333 [INFO] BlockDiagram:2759 - set Specific Code input for plugin: NVIC
2024-01-20 03:02:33,333 [INFO] BlockDiagram:2759 - set Specific Code input for plugin: SYS
2024-01-20 03:02:33,334 [INFO] BlockDiagram:2759 - set Specific Code input for plugin: GPIO
2024-01-20 03:02:33,334 [INFO] BlockDiagram:2759 - set Specific Code input for plugin: ADC
2024-01-20 03:02:33,334 [INFO] BlockDiagram:2759 - set Specific Code input for plugin: RCC
2024-01-20 03:02:33,334 [INFO] BlockDiagram:2759 - set Specific Code input for plugin: TIM1_8F1
2024-01-20 03:02:33,334 [INFO] BlockDiagram:2759 - set Specific Code input for plugin: TIM1_8F1
2024-01-20 03:02:33,335 [INFO] CodeGenerator:807 - code generatio: config db path: C:\ST\STM32CubeIDE_1.14.0\STM32CubeIDE\plugins\com.st.stm32cube.common.mx_6.10.0.202311202037\\db\
2024-01-20 03:02:33,519 [INFO] CodeEngine:255 - oldGeneratedFile, D:\Usuarios\martin\documents\STM_pruebas\motores\MXTmpFiles\license.tmp_save
2024-01-20 03:02:33,704 [INFO] CodeEngine:279 - Generated code: D:\Usuarios\martin\documents\STM_pruebas\motores\MXTmpFiles\license.tmp
2024-01-20 03:02:33,722 [INFO] CodeEngine:255 - oldGeneratedFile, D:\Usuarios\martin\documents\STM_pruebas\motores\MXTmpFiles\gpio.tmp_save
2024-01-20 03:02:33,850 [INFO] CodeEngine:279 - Generated code: D:\Usuarios\martin\documents\STM_pruebas\motores\MXTmpFiles\gpio.tmp
2024-01-20 03:02:33,955 [INFO] CodeEngine:255 - oldGeneratedFile, D:\Usuarios\martin\documents\STM_pruebas\motores\Core\Src\stm32f1xx_it.c_save
2024-01-20 03:02:34,281 [INFO] CodeEngine:279 - Generated code: D:\Usuarios\martin\documents\STM_pruebas\motores\Core\Src\stm32f1xx_it.c
2024-01-20 03:02:34,297 [INFO] CodeEngine:255 - oldGeneratedFile, D:\Usuarios\martin\documents\STM_pruebas\motores\Core\Inc\stm32f1xx_it.h_save
2024-01-20 03:02:34,385 [INFO] CodeEngine:279 - Generated code: D:\Usuarios\martin\documents\STM_pruebas\motores\Core\Inc\stm32f1xx_it.h
2024-01-20 03:02:34,413 [INFO] CodeEngine:255 - oldGeneratedFile, D:\Usuarios\martin\documents\STM_pruebas\motores\Core\Src\stm32f1xx_hal_msp.c_save
2024-01-20 03:02:34,648 [INFO] CodeEngine:279 - Generated code: D:\Usuarios\martin\documents\STM_pruebas\motores\Core\Src\stm32f1xx_hal_msp.c
2024-01-20 03:02:34,653 [INFO] CodeEngine:255 - oldGeneratedFile, D:\Usuarios\martin\documents\STM_pruebas\motores\MXTmpFiles\system.tmp_save
2024-01-20 03:02:34,733 [INFO] CodeEngine:279 - Generated code: D:\Usuarios\martin\documents\STM_pruebas\motores\MXTmpFiles\system.tmp
2024-01-20 03:02:34,751 [INFO] CodeEngine:311 - oldGeneratedFile, D:\Usuarios\martin\documents\STM_pruebas\motores\Core\Inc\stm32f1xx_hal_conf.h_save
2024-01-20 03:02:34,917 [INFO] CodeEngine:335 - Generated code: D:\Usuarios\martin\documents\STM_pruebas\motores\Core\Inc\stm32f1xx_hal_conf.h
2024-01-20 03:02:34,940 [WARN] IPConfigManager:3440 - IP not found : TIM
2024-01-20 03:02:34,941 [WARN] CodeGenerator:3939 - IP not found : null
2024-01-20 03:02:34,959 [INFO] CodeEngine:255 - oldGeneratedFile, D:\Usuarios\martin\documents\STM_pruebas\motores\Core\Inc\main.h_save
2024-01-20 03:02:35,111 [INFO] CodeEngine:279 - Generated code: D:\Usuarios\martin\documents\STM_pruebas\motores\Core\Inc\main.h
2024-01-20 03:02:35,126 [INFO] CodeEngine:255 - oldGeneratedFile, D:\Usuarios\martin\documents\STM_pruebas\motores\Core\Src\main.c_save
2024-01-20 03:02:35,281 [INFO] CodeEngine:279 - Generated code: D:\Usuarios\martin\documents\STM_pruebas\motores\Core\Src\main.c
2024-01-20 03:02:35,841 [INFO] ProjectBuilder:3076 - Time for Copy HAL[1] : 134mS.
2024-01-20 03:02:35,843 [INFO] ProjectBuilder:4485 - Project Generator version: 4.2.0-B44
2024-01-20 03:02:36,177 [INFO] ConfigFileManager:1495 - The Die is : DIE412
2024-01-20 03:02:38,166 [INFO] ProjectBuilder:4747 - Time for Generating toolchain IDE Files: 2323mS.
2024-01-20 03:02:38,167 [INFO] ProjectBuilder:2947 - Time for Copy CMSIS : 0mS.
2024-01-20 03:02:38,170 [INFO] ProjectBuilder:2947 - Time for Copy CMSIS : 0mS.
